{
  "RSpec": {
    "coverage": {
      "/home/shinka/Projects/cascadence/lib/cascadence/stateful.rb": [
        null,
        1,
        null,
        1,
        null,
        1,
        1,
        1,
        1,
        null,
        null,
        null,
        1,
        4,
        null,
        null,
        1,
        null,
        18,
        null,
        15,
        8,
        22,
        null,
        8,
        null,
        null,
        7,
        null,
        20,
        null,
        4,
        null,
        1,
        4,
        null,
        null,
        null,
        1,
        38,
        38,
        34,
        34,
        null,
        38,
        null,
        null,
        1,
        23,
        15,
        null,
        null,
        1,
        73,
        46,
        null,
        null,
        1,
        null,
        1,
        30,
        22,
        null,
        null,
        1,
        34,
        13,
        null,
        21,
        null,
        null,
        null,
        1,
        38,
        38,
        38,
        null,
        null,
        null,
        null
      ],
      "/home/shinka/Projects/cascadence/lib/cascadence/class_methods.rb": [
        null,
        1,
        null,
        1,
        null,
        1,
        null,
        null,
        1,
        1,
        null,
        null,
        null,
        null,
        null
      ]
    },
    "timestamp": 1358280440
  }
}
