{
  "RSpec": {
    "coverage": {
      "/home/shinka/Projects/cascadence/lib/cascadence/flow.rb": [
        null,
        1,
        null,
        null,
        1,
        1,
        1,
        null,
        1,
        39,
        null,
        1,
        33,
        33,
        33,
        33,
        null,
        null,
        null,
        null,
        null
      ],
      "/home/shinka/Projects/cascadence/lib/cascadence/stateful.rb": [
        null,
        1,
        null,
        1,
        null,
        1,
        2,
        2,
        2,
        null,
        null,
        null,
        1,
        17,
        null,
        null,
        1,
        null,
        44,
        null,
        41,
        21,
        85,
        null,
        21,
        null,
        null,
        20,
        null,
        96,
        null,
        4,
        null,
        1,
        4,
        null,
        null,
        null,
        1,
        101,
        null,
        101,
        97,
        97,
        null,
        101,
        null,
        null,
        1,
        86,
        65,
        null,
        null,
        1,
        199,
        146,
        null,
        null,
        1,
        null,
        1,
        106,
        85,
        null,
        null,
        1,
        97,
        26,
        null,
        71,
        null,
        null,
        null,
        1,
        101,
        101,
        101,
        null,
        null,
        null,
        null
      ],
      "/home/shinka/Projects/cascadence/lib/cascadence/class_methods.rb": [
        null,
        1,
        null,
        1,
        null,
        null,
        null,
        null,
        null,
        null,
        1,
        410,
        410,
        410,
        410,
        410,
        null,
        null,
        null,
        1,
        61,
        61,
        null,
        null,
        1,
        8,
        8,
        8,
        null,
        null,
        1,
        6,
        6,
        6,
        null,
        null,
        null,
        null,
        null
      ],
      "/home/shinka/Projects/cascadence/spec/cascadence/class_methods_spec.rb": [
        1,
        null,
        1,
        null,
        1,
        6,
        6,
        null,
        6,
        4,
        null,
        null,
        6,
        4,
        null,
        null,
        6,
        3,
        null,
        null,
        6,
        3,
        null,
        null,
        6,
        3,
        null,
        null,
        6,
        3,
        null,
        null,
        6,
        4,
        null,
        null,
        6,
        4,
        null,
        null,
        null,
        null,
        1,
        null,
        1,
        1,
        null,
        null,
        null,
        1,
        6,
        null,
        1,
        null,
        1,
        2,
        null,
        1,
        1,
        null,
        null,
        null,
        1,
        2,
        null,
        1,
        1,
        null,
        null,
        null,
        null,
        null,
        1,
        null,
        1,
        3,
        3,
        1,
        null,
        null,
        3,
        1,
        null,
        null,
        3,
        1,
        null,
        null,
        3,
        1,
        null,
        null,
        3,
        1,
        null,
        null,
        null,
        null,
        1,
        1,
        1,
        1,
        1,
        1,
        1,
        null,
        null,
        null,
        1,
        1,
        2,
        2,
        2,
        null,
        1,
        1,
        null,
        null,
        1,
        1,
        null,
        null,
        null,
        null,
        null,
        null,
        null,
        null
      ],
      "/home/shinka/Projects/cascadence/spec/cascadence/commander_spec.rb": [
        1,
        null,
        null,
        1,
        17,
        1,
        1,
        2,
        1,
        1,
        null,
        null,
        null,
        1,
        1,
        1,
        1,
        2,
        null,
        1,
        1,
        1,
        1,
        1,
        2,
        null,
        null,
        null,
        null,
        null,
        null,
        1,
        1,
        null,
        1,
        1,
        null,
        3,
        1,
        1,
        1,
        null,
        1,
        1,
        null,
        null,
        1,
        1,
        1,
        null,
        1,
        1,
        null,
        null,
        null,
        1,
        4,
        4,
        1,
        1,
        1,
        1,
        null,
        2,
        null,
        1,
        1,
        1,
        1,
        null,
        2,
        null,
        1,
        1,
        1,
        1,
        null,
        2,
        null,
        null,
        1,
        10,
        1,
        1,
        1,
        null,
        null,
        null,
        null,
        null,
        null,
        1,
        5,
        null,
        null,
        1,
        1,
        1,
        null,
        null,
        null,
        null,
        null,
        1,
        4,
        null,
        null,
        null,
        1,
        2,
        2,
        1,
        3,
        3,
        null,
        1,
        1,
        1,
        null,
        null,
        1,
        3,
        null,
        1,
        1,
        null,
        null,
        1,
        1,
        null,
        null,
        null,
        1,
        4,
        1,
        1,
        1,
        null,
        1,
        2,
        null,
        null,
        1,
        1,
        1,
        1,
        null,
        1,
        1,
        null,
        null,
        1,
        1,
        1,
        1,
        null,
        null,
        1,
        1,
        null,
        null,
        null,
        1,
        1,
        2,
        1,
        3,
        8,
        8,
        1,
        null,
        null,
        1,
        1,
        null,
        null,
        1,
        1,
        1,
        null,
        null,
        null,
        null,
        null
      ],
      "/home/shinka/Projects/cascadence/lib/cascadence/commander.rb": [
        1,
        1,
        null,
        1,
        1,
        1,
        1,
        2,
        1,
        null,
        null,
        1,
        null,
        1,
        1,
        null,
        null,
        1,
        4,
        2,
        1,
        null,
        null,
        1,
        19,
        11,
        26,
        null,
        null,
        1,
        19,
        null,
        null,
        1,
        1,
        null,
        null,
        1,
        19,
        18,
        146,
        null,
        null,
        1,
        129,
        null,
        null,
        1,
        3,
        3,
        2,
        null,
        null,
        null,
        1,
        14,
        12,
        9,
        null,
        null,
        1,
        96,
        null,
        null,
        1,
        99,
        null,
        null,
        null,
        null
      ],
      "/home/shinka/Projects/cascadence/lib/cascadence/helper.rb": [
        1,
        1,
        null,
        1,
        null,
        508,
        416,
        null,
        92,
        null,
        null,
        1,
        97,
        96,
        95,
        95,
        95,
        null,
        null,
        null,
        null
      ],
      "/home/shinka/Projects/cascadence/spec/cascadence/flow_spec.rb": [
        1,
        null,
        1,
        null,
        1,
        null,
        1,
        6,
        null,
        null,
        1,
        1,
        null,
        null,
        1,
        1,
        null,
        null,
        1,
        1,
        null,
        null,
        1,
        1,
        null,
        null,
        null,
        null,
        1,
        null,
        1,
        6,
        null,
        null,
        1,
        null,
        1,
        1,
        null,
        null,
        1,
        1,
        1,
        1,
        null,
        null,
        1,
        1,
        null,
        null,
        null,
        null,
        1,
        3,
        null,
        1,
        2,
        null,
        1,
        1,
        null,
        null,
        null,
        1,
        null,
        2,
        2,
        null,
        1,
        1,
        null,
        null,
        null,
        null,
        null
      ],
      "/home/shinka/Projects/cascadence/spec/cascadence/fork_merge_spec.rb": [
        1,
        null,
        1,
        1,
        5,
        5,
        null,
        5,
        3,
        null,
        null,
        5,
        3,
        null,
        null,
        5,
        1,
        null,
        null,
        5,
        3,
        null,
        null,
        null,
        null,
        null,
        1,
        3,
        3,
        3,
        3,
        3,
        2,
        null,
        null,
        3,
        2,
        null,
        null,
        null,
        null,
        1,
        null,
        1,
        2,
        null,
        1,
        1,
        null,
        null,
        null,
        1,
        2,
        null,
        1,
        1,
        null,
        null,
        null,
        null,
        null,
        1,
        null,
        1,
        2,
        null,
        1,
        1,
        null,
        null,
        null,
        1,
        2,
        null,
        1,
        1,
        1,
        null,
        1,
        1,
        null,
        null,
        null,
        null,
        null,
        null
      ],
      "/home/shinka/Projects/cascadence/spec/cascadence/helper_spec.rb": [
        1,
        null,
        1,
        12,
        null,
        1,
        1,
        1,
        2,
        null,
        null,
        null,
        null,
        2,
        2,
        2,
        null,
        null,
        1,
        1,
        null,
        null,
        1,
        1,
        null,
        null,
        null,
        1,
        1,
        1,
        null,
        null,
        null,
        1,
        1,
        3,
        null,
        null,
        null,
        null,
        3,
        3,
        3,
        null,
        null,
        1,
        1,
        null,
        null,
        1,
        1,
        null,
        null,
        1,
        1,
        null,
        null,
        null,
        null,
        1,
        null,
        null,
        null,
        1,
        null,
        1,
        1,
        null,
        null,
        1,
        1,
        1,
        null,
        null,
        null,
        null,
        null,
        null,
        1,
        null,
        1,
        1,
        1,
        1,
        1,
        1,
        null,
        null,
        null,
        1,
        1,
        1,
        1,
        null,
        null,
        1,
        1,
        null,
        null,
        1,
        1,
        1,
        null,
        null,
        null,
        null
      ],
      "/home/shinka/Projects/cascadence/spec/cascadence/runner_spec.rb": [
        1,
        null,
        1,
        3,
        3,
        1,
        2,
        12,
        null,
        1,
        1,
        2,
        2,
        1,
        2,
        null,
        2,
        null,
        null,
        1,
        1,
        2,
        1,
        2,
        null,
        null,
        null,
        null
      ],
      "/home/shinka/Projects/cascadence/lib/cascadence/runner.rb": [
        1,
        1,
        1,
        null,
        1,
        2,
        1,
        null,
        1,
        null,
        null,
        null,
        1,
        null,
        null,
        null,
        null,
        null,
        null,
        null,
        null,
        null,
        null,
        null,
        null,
        null,
        null,
        null,
        null,
        null,
        null,
        1,
        12,
        10,
        10,
        10,
        10,
        null,
        null,
        1,
        10,
        0,
        0,
        null,
        10,
        10,
        null,
        10,
        10,
        10,
        0,
        null,
        10,
        10,
        null,
        null,
        10,
        null,
        null,
        1,
        10,
        20,
        10,
        null,
        null,
        1,
        1,
        null,
        null,
        null
      ],
      "/home/shinka/Projects/cascadence/spec/cascadence/stateful_spec.rb": [
        1,
        null,
        1,
        1,
        null,
        1,
        null,
        1,
        null,
        1,
        13,
        null,
        null,
        1,
        12,
        null,
        null,
        1,
        9,
        null,
        null,
        null,
        1,
        null,
        1,
        17,
        null,
        null,
        1,
        null,
        1,
        1,
        null,
        null,
        1,
        1,
        null,
        null,
        1,
        1,
        null,
        null,
        null,
        null,
        1,
        null,
        1,
        1,
        null,
        null,
        null,
        null,
        1,
        null,
        1,
        1,
        null,
        null,
        1,
        null,
        1,
        1,
        null,
        null,
        1,
        1,
        null,
        null,
        1,
        1,
        1,
        7,
        7,
        7,
        7,
        7,
        7,
        7,
        1,
        null,
        null,
        null,
        1,
        null,
        5,
        null,
        1,
        1,
        null,
        null,
        1,
        1,
        null,
        null,
        1,
        1,
        null,
        null,
        1,
        1,
        null,
        null,
        null,
        null,
        1,
        null,
        1,
        1,
        3,
        null,
        1,
        1,
        null,
        null,
        1,
        1,
        null,
        null,
        1,
        1,
        null,
        null,
        1,
        1,
        3,
        null,
        1,
        null,
        null,
        1,
        1,
        null,
        null,
        null,
        null,
        null
      ],
      "/home/shinka/Projects/cascadence/spec/cascadence_spec.rb": [
        1,
        null,
        1,
        1,
        1,
        null,
        null,
        1,
        4,
        4,
        null,
        null,
        null
      ],
      "/home/shinka/Projects/cascadence/fixtures/flow_helper.rb": [
        1
      ],
      "/home/shinka/Projects/cascadence/fixtures/amazon/madeira_flow.rb": [
        1,
        1,
        1,
        null,
        1,
        2,
        null,
        null,
        1,
        2,
        null,
        null,
        1,
        2,
        null,
        null,
        1,
        2,
        null,
        null,
        null,
        null
      ],
      "/home/shinka/Projects/cascadence/lib/cascadence/task.rb": [
        1,
        1,
        1,
        3,
        3,
        3,
        null,
        null,
        1,
        2,
        null,
        null,
        null,
        null
      ],
      "/home/shinka/Projects/cascadence/lib/cascadence/config.rb": [
        1,
        1,
        1,
        1,
        null,
        1,
        1,
        1,
        1,
        null,
        null,
        null
      ]
    },
    "timestamp": 1363885085
  }
}
